Failed to load c++ bson extension, using pure JS version
========================================================================================
=  Please ensure that you set the default write concern for the database by setting    =
=   one of the options                                                                 =
=                                                                                      =
=     w: (value of > -1 or the string 'majority'), where < 1 means                     =
=        no write acknowledgement                                                       =
=     journal: true/false, wait for flush to journal before acknowledgement             =
=     fsync: true/false, wait for flush to file system before acknowledgement           =
=                                                                                      =
=  For backward compatibility safe is still supported and                              =
=   allows values of [true | false | {j:true} | {w:n, wtimeout:n} | {fsync:true}]      =
=   the default value is false which means the driver receives does not                =
=   return the information of the success/error of the insert/update/remove            =
=                                                                                      =
=   ex: new Db(new Server('localhost', 27017), {safe:false})                           =
=                                                                                      =
=   http://www.mongodb.org/display/DOCS/getLastError+Command                           =
=                                                                                      =
=  The default of no acknowledgement will change in the very near future                =
=                                                                                      =
=  This message will disappear when the default safe is set on the driver Db           =
========================================================================================
Express server listening on port 3000 in development mode
TypeError: /home/vjudge/toj/views/Status.ejs:88
    86| 					<td><%- stat.run_ID %></td>
    87| 
 >> 88| 					<%var tm = stat.submit_time; tm.setHours(tm.getHours()+8); %>
    89| 					<td><%- tm.toISOString().replace(/T/,' ').replace(/\..+/,'') %></td>
    90| 
    91| 					<% if(stat.result == "Accepted") {%>

Object 2014-04-10 20:38:06 has no method 'getHours'
    at buf.push.__stack.lineno (eval at <anonymous> (/home/vjudge/toj/node_modules/ejs/lib/ejs.js:237:14), <anonymous>:29:5777)
    at Array.forEach (native)
    at eval (eval at <anonymous> (/home/vjudge/toj/node_modules/ejs/lib/ejs.js:237:14), <anonymous>:29:5595)
    at Object.eval (eval at <anonymous> (/home/vjudge/toj/node_modules/ejs/lib/ejs.js:237:14), <anonymous>:29:8707)
    at Object.<anonymous> (/home/vjudge/toj/node_modules/ejs/lib/ejs.js:250:15)
    at ServerResponse.res._render (/home/vjudge/toj/node_modules/express/lib/view.js:425:21)
    at ServerResponse.res.render (/home/vjudge/toj/node_modules/express/lib/view.js:318:17)
    at /home/vjudge/toj/routes/index.js:292:9
    at /home/vjudge/toj/models/status.js:150:5
    at /home/vjudge/toj/node_modules/mongodb/lib/mongodb/cursor.js:162:16

/home/vjudge/toj/node_modules/mongodb/lib/mongodb/connection/base.js:242
        throw message;      
              ^
TypeError: undefined is not a function
    at /home/vjudge/toj/node_modules/mongodb/lib/mongodb/db.js:1404:28
    at /home/vjudge/toj/node_modules/mongodb/lib/mongodb/db.js:1542:30
    at /home/vjudge/toj/node_modules/mongodb/lib/mongodb/cursor.js:159:22
    at commandHandler (/home/vjudge/toj/node_modules/mongodb/lib/mongodb/cursor.js:678:48)
    at /home/vjudge/toj/node_modules/mongodb/lib/mongodb/db.js:1806:9
    at Server.Base._callHandler (/home/vjudge/toj/node_modules/mongodb/lib/mongodb/connection/base.js:442:41)
    at Server.Base._flushAllCallHandlers (/home/vjudge/toj/node_modules/mongodb/lib/mongodb/connection/base.js:413:10)
    at Server.close (/home/vjudge/toj/node_modules/mongodb/lib/mongodb/connection/server.js:206:10)
    at Db.close (/home/vjudge/toj/node_modules/mongodb/lib/mongodb/db.js:347:21)
    at /home/vjudge/toj/models/status.js:46:13
Failed to load c++ bson extension, using pure JS version
========================================================================================
=  Please ensure that you set the default write concern for the database by setting    =
=   one of the options                                                                 =
=                                                                                      =
=     w: (value of > -1 or the string 'majority'), where < 1 means                     =
=        no write acknowledgement                                                       =
=     journal: true/false, wait for flush to journal before acknowledgement             =
=     fsync: true/false, wait for flush to file system before acknowledgement           =
=                                                                                      =
=  For backward compatibility safe is still supported and                              =
=   allows values of [true | false | {j:true} | {w:n, wtimeout:n} | {fsync:true}]      =
=   the default value is false which means the driver receives does not                =
=   return the information of the success/error of the insert/update/remove            =
=                                                                                      =
=   ex: new Db(new Server('localhost', 27017), {safe:false})                           =
=                                                                                      =
=   http://www.mongodb.org/display/DOCS/getLastError+Command                           =
=                                                                                      =
=  The default of no acknowledgement will change in the very near future                =
=                                                                                      =
=  This message will disappear when the default safe is set on the driver Db           =
========================================================================================
Express server listening on port 3000 in development mode
Failed to load c++ bson extension, using pure JS version
========================================================================================
=  Please ensure that you set the default write concern for the database by setting    =
=   one of the options                                                                 =
=                                                                                      =
=     w: (value of > -1 or the string 'majority'), where < 1 means                     =
=        no write acknowledgement                                                       =
=     journal: true/false, wait for flush to journal before acknowledgement             =
=     fsync: true/false, wait for flush to file system before acknowledgement           =
=                                                                                      =
=  For backward compatibility safe is still supported and                              =
=   allows values of [true | false | {j:true} | {w:n, wtimeout:n} | {fsync:true}]      =
=   the default value is false which means the driver receives does not                =
=   return the information of the success/error of the insert/update/remove            =
=                                                                                      =
=   ex: new Db(new Server('localhost', 27017), {safe:false})                           =
=                                                                                      =
=   http://www.mongodb.org/display/DOCS/getLastError+Command                           =
=                                                                                      =
=  The default of no acknowledgement will change in the very near future                =
=                                                                                      =
=  This message will disappear when the default safe is set on the driver Db           =
========================================================================================
Express server listening on port 3000 in development mode
Failed to load c++ bson extension, using pure JS version
========================================================================================
=  Please ensure that you set the default write concern for the database by setting    =
=   one of the options                                                                 =
=                                                                                      =
=     w: (value of > -1 or the string 'majority'), where < 1 means                     =
=        no write acknowledgement                                                       =
=     journal: true/false, wait for flush to journal before acknowledgement             =
=     fsync: true/false, wait for flush to file system before acknowledgement           =
=                                                                                      =
=  For backward compatibility safe is still supported and                              =
=   allows values of [true | false | {j:true} | {w:n, wtimeout:n} | {fsync:true}]      =
=   the default value is false which means the driver receives does not                =
=   return the information of the success/error of the insert/update/remove            =
=                                                                                      =
=   ex: new Db(new Server('localhost', 27017), {safe:false})                           =
=                                                                                      =
=   http://www.mongodb.org/display/DOCS/getLastError+Command                           =
=                                                                                      =
=  The default of no acknowledgement will change in the very near future                =
=                                                                                      =
=  This message will disappear when the default safe is set on the driver Db           =
========================================================================================
Express server listening on port 3000 in development mode
ReferenceError: /home/vjudge/toj/views/Volume.ejs:94
    92| 						<select id = "ojs" class="oj-form">
    93| 							<option value="0">All</option>
 >> 94| 							<% fojs.forEach(function(oj, index) { %>
    95| 							<option value=<%= oj %><%if(foj== oj){%> selected<%}%>><%= oj %></option>
    96| 							<% }); %>
    97| 							<!--

fojs is not defined
    at eval (eval at <anonymous> (/home/vjudge/toj/node_modules/ejs/lib/ejs.js:237:14), <anonymous>:29:5971)
    at Object.eval (eval at <anonymous> (/home/vjudge/toj/node_modules/ejs/lib/ejs.js:237:14), <anonymous>:29:12389)
    at Object.<anonymous> (/home/vjudge/toj/node_modules/ejs/lib/ejs.js:250:15)
    at ServerResponse.res._render (/home/vjudge/toj/node_modules/express/lib/view.js:425:21)
    at ServerResponse.res.render (/home/vjudge/toj/node_modules/express/lib/view.js:318:17)
    at /home/vjudge/toj/routes/index.js:102:9
    at /home/vjudge/toj/models/prob.js:133:5
    at /home/vjudge/toj/node_modules/mongodb/lib/mongodb/cursor.js:162:16
    at commandHandler (/home/vjudge/toj/node_modules/mongodb/lib/mongodb/cursor.js:706:16)
    at /home/vjudge/toj/node_modules/mongodb/lib/mongodb/db.js:1806:9
Failed to load c++ bson extension, using pure JS version
========================================================================================
=  Please ensure that you set the default write concern for the database by setting    =
=   one of the options                                                                 =
=                                                                                      =
=     w: (value of > -1 or the string 'majority'), where < 1 means                     =
=        no write acknowledgement                                                       =
=     journal: true/false, wait for flush to journal before acknowledgement             =
=     fsync: true/false, wait for flush to file system before acknowledgement           =
=                                                                                      =
=  For backward compatibility safe is still supported and                              =
=   allows values of [true | false | {j:true} | {w:n, wtimeout:n} | {fsync:true}]      =
=   the default value is false which means the driver receives does not                =
=   return the information of the success/error of the insert/update/remove            =
=                                                                                      =
=   ex: new Db(new Server('localhost', 27017), {safe:false})                           =
=                                                                                      =
=   http://www.mongodb.org/display/DOCS/getLastError+Command                           =
=                                                                                      =
=  The default of no acknowledgement will change in the very near future                =
=                                                                                      =
=  This message will disappear when the default safe is set on the driver Db           =
========================================================================================
Express server listening on port 3000 in development mode
Failed to load c++ bson extension, using pure JS version
========================================================================================
=  Please ensure that you set the default write concern for the database by setting    =
=   one of the options                                                                 =
=                                                                                      =
=     w: (value of > -1 or the string 'majority'), where < 1 means                     =
=        no write acknowledgement                                                       =
=     journal: true/false, wait for flush to journal before acknowledgement             =
=     fsync: true/false, wait for flush to file system before acknowledgement           =
=                                                                                      =
=  For backward compatibility safe is still supported and                              =
=   allows values of [true | false | {j:true} | {w:n, wtimeout:n} | {fsync:true}]      =
=   the default value is false which means the driver receives does not                =
=   return the information of the success/error of the insert/update/remove            =
=                                                                                      =
=   ex: new Db(new Server('localhost', 27017), {safe:false})                           =
=                                                                                      =
=   http://www.mongodb.org/display/DOCS/getLastError+Command                           =
=                                                                                      =
=  The default of no acknowledgement will change in the very near future                =
=                                                                                      =
=  This message will disappear when the default safe is set on the driver Db           =
========================================================================================

/home/vjudge/toj/app.js:62
.log("Express server listening on port %d in %s mode", app.address().port, app
                                                                    ^
TypeError: Cannot read property 'port' of null
    at Object.<anonymous> (/home/vjudge/toj/app.js:62:76)
    at Module._compile (module.js:456:26)
    at Object.Module._extensions..js (module.js:474:10)
    at Module.load (module.js:356:32)
    at Function.Module._load (module.js:312:12)
    at Function.Module.runMain (module.js:497:10)
    at startup (node.js:119:16)
    at node.js:901:3
Failed to load c++ bson extension, using pure JS version
========================================================================================
=  Please ensure that you set the default write concern for the database by setting    =
=   one of the options                                                                 =
=                                                                                      =
=     w: (value of > -1 or the string 'majority'), where < 1 means                     =
=        no write acknowledgement                                                       =
=     journal: true/false, wait for flush to journal before acknowledgement             =
=     fsync: true/false, wait for flush to file system before acknowledgement           =
=                                                                                      =
=  For backward compatibility safe is still supported and                              =
=   allows values of [true | false | {j:true} | {w:n, wtimeout:n} | {fsync:true}]      =
=   the default value is false which means the driver receives does not                =
=   return the information of the success/error of the insert/update/remove            =
=                                                                                      =
=   ex: new Db(new Server('localhost', 27017), {safe:false})                           =
=                                                                                      =
=   http://www.mongodb.org/display/DOCS/getLastError+Command                           =
=                                                                                      =
=  The default of no acknowledgement will change in the very near future                =
=                                                                                      =
=  This message will disappear when the default safe is set on the driver Db           =
========================================================================================
Express server listening on port 3000 in development mode
Failed to load c++ bson extension, using pure JS version
========================================================================================
=  Please ensure that you set the default write concern for the database by setting    =
=   one of the options                                                                 =
=                                                                                      =
=     w: (value of > -1 or the string 'majority'), where < 1 means                     =
=        no write acknowledgement                                                       =
=     journal: true/false, wait for flush to journal before acknowledgement             =
=     fsync: true/false, wait for flush to file system before acknowledgement           =
=                                                                                      =
=  For backward compatibility safe is still supported and                              =
=   allows values of [true | false | {j:true} | {w:n, wtimeout:n} | {fsync:true}]      =
=   the default value is false which means the driver receives does not                =
=   return the information of the success/error of the insert/update/remove            =
=                                                                                      =
=   ex: new Db(new Server('localhost', 27017), {safe:false})                           =
=                                                                                      =
=   http://www.mongodb.org/display/DOCS/getLastError+Command                           =
=                                                                                      =
=  The default of no acknowledgement will change in the very near future                =
=                                                                                      =
=  This message will disappear when the default safe is set on the driver Db           =
========================================================================================
Express server listening on port 3000 in development mode
SyntaxError: Unexpected token else in "/home/vjudge/toj/views/Ranklist.ejs"
    at Object.Function (<anonymous>)
    at Object.exports.compile (/home/vjudge/toj/node_modules/ejs/lib/ejs.js:237:14)
    at Function.exports.compile (/home/vjudge/toj/node_modules/express/lib/view.js:68:33)
    at ServerResponse.res._render (/home/vjudge/toj/node_modules/express/lib/view.js:417:18)
    at ServerResponse.res.render (/home/vjudge/toj/node_modules/express/lib/view.js:318:17)
    at /home/vjudge/toj/routes/index.js:919:9
    at /home/vjudge/toj/models/user.js:103:5
    at /home/vjudge/toj/node_modules/mongodb/lib/mongodb/cursor.js:162:16
    at commandHandler (/home/vjudge/toj/node_modules/mongodb/lib/mongodb/cursor.js:706:16)
    at /home/vjudge/toj/node_modules/mongodb/lib/mongodb/db.js:1806:9
