connect() error!
Connected!
Connected!
Received a command.

Sending result of runid:0
Sent.

Received a command.

Sending result of runid:0
Sent.

Received a command.

Sending result of runid:0
Sent.

Received a command.

Sending result of runid:0
Sent.

Received a command.

Sending result of runid:0
Sent.

Received a command.

Sending result of runid:0
Sent.

Received a command.

Sending result of runid:0
Sent.

Received a command.

Sending result of runid:0
Sent.

Received a command.

Sending result of runid:0
Sent.

Received a command.

Sending result of runid:0
Sent.

Received a command.

Sending result of runid:0
Sent.

Received a command.

Sending result of runid:0
Sent.

Received a command.

Sending result of runid:0
Sent.

Received a command.

Sending result of runid:0
Sent.

Received a command.

Sending result of runid:0
Sent.

Received a command.

Sending result of runid:0
Sent.

Received a command.

Sending result of runid:0
Sent.

Received a command.

Sending result of runid:0
Sent.

Received a command.

Sending result of runid:0
Sent.

Received a command.

Sending result of runid:0
Sent.

Received a command.

Sending result of runid:0
Sent.

Received a command.

Sending result of runid:0
Sent.

Received a command.

Sending result of runid:0
Sent.

Received a command.

Sending result of runid:0
Sent.

Received a command.

Sending result of runid:0
Sent.

Received a command.

Sending result of runid:0
Sent.

Received a command.

Sending result of runid:0
Sent.

Received a command.

Sending result of runid:0
Sent.

Received a command.

Sending result of runid:0
Sent.

Received a command.

Sending result of runid:0
Sent.

Received a command.

Sending result of runid:0
Sent.

Received a command.

Sending result of runid:0
Sent.

Received a command.

Sending result of runid:0
Sent.

Received a command.

Sending result of runid:0
Sent.

Received a command.

Sending result of runid:0
Sent.

Received a command.

Sending result of runid:0
Sent.

Received a command.

Sending result of runid:0
Sent.

Received a command.

Sending result of runid:0
Sent.

Received a command.

Sending result of runid:0
Sent.

Received a command.

Sending result of runid:0
Sent.

Received a command.

Sending result of runid:0
Sent.

Received a command.

Sending result of runid:0
Sent.

Received a command.

Sending result of runid:0
Sent.

Received a command.

Sending result of runid:0
Sent.

Received a command.

Sending result of runid:0
Sent.

Received a command.

Sending result of runid:0
Sent.

Received a command.

Sending result of runid:0
Sent.

Received a command.

Sending result of runid:0
Sent.

Received a command.

Sending result of runid:0
Sent.

Received a command.

Sending result of runid:0
Sent.

Received a command.

Sending result of runid:0
Sent.

Received a command.

Sending result of runid:0
Sent.

Received a command.

Sending result of runid:0
Sent.

Received a command.

Sending result of runid:0
Sent.

Received a command.

Sending result of runid:0
Sent.

Received a command.

Sending result of runid:0
Sent.

Received a command.

Sending result of runid:0
Sent.

Received a command.

Sending result of runid:0
Sent.

Received a command.

Sending result of runid:0
Sent.

Received a command.

Sending result of runid:0
Sent.

Received a command.

Sending result of runid:0
Sent.

Received a command.

Sending result of runid:0
Sent.

Received a command.

Sending result of runid:0
Sent.

Received a command.

Sending result of runid:0
Sent.

Received a command.

Sending result of runid:0
Sent.

Received a command.

Sending result of runid:0
Sent.

Received a command.

Sending result of runid:0
Sent.

Received a command.

Sending result of runid:0
Sent.

Received a command.

Sending result of runid:0
Sent.

Received a command.

Sending result of runid:0
Sent.

Received a command.

Sending result of runid:0
Sent.

Received a command.

Sending result of runid:0
Sent.

Received a command.

Sending result of runid:0
Sent.

Received a command.

Sending result of runid:0
Sent.

Received a command.

Sending result of runid:0
Sent.

Received a command.

Sending result of runid:0
Sent.

Received a command.

Sending result of runid:0
Sent.

Received a command.

Sending result of runid:0
Sent.

Received a command.

Sending result of runid:0
Sent.

Received a command.

Sending result of runid:0
Sent.

Received a command.

Sending result of runid:0
Sent.

Received a command.

Sending result of runid:0
Sent.

Received a command.

Sending result of runid:0
Sent.

Received a command.

Sending result of runid:0
Sent.

Received a command.

Sending result of runid:0
Sent.

Received a command.

Sending result of runid:0
Sent.

Received a command.

Sending result of runid:0
Sent.

Received a command.

Sending result of runid:0
Sent.

Received a command.

Sending result of runid:0
Sent.

Received a command.

Sending result of runid:0
Sent.

Received a command.

Sending result of runid:0
Sent.

Received a command.

Sending result of runid:0
Sent.

Received a command.

Sending result of runid:0
Sent.

Received a command.

Sending result of runid:0
Sent.

Received a command.

Sending result of runid:0
Sent.

Received a command.

Sending result of runid:0
Sent.

Received a command.

Sending result of runid:0
Sent.

Received a command.

Sending result of runid:0
Sent.

Received a command.

Sending result of runid:0
Sent.

Received a command.

Sending result of runid:0
Sent.

Received a command.

Sending result of runid:0
Sent.

Received a command.

Sending result of runid:0
Sent.

Received a command.

Sending result of runid:0
Sent.

Received a command.

Sending result of runid:0
Sent.

Received a command.

Sending result of runid:0
Sent.

Received a command.

Sending result of runid:0
Sent.

Received a command.

Sending result of runid:0
Sent.

Received a command.

Sending result of runid:0
Sent.

Received a command.

Sending result of runid:0
Sent.

Received a command.

Sending result of runid:0
Sent.

Received a command.

Sending result of runid:0
Sent.

Received a command.

Sending result of runid:0
Sent.

Received a command.

Sending result of runid:0
Sent.

Received a command.

Sending result of runid:0
Sent.

Received a command.

Sending result of runid:0
Sent.

Received a command.

Sending result of runid:0
Sent.

Received a command.

Sending result of runid:0
Sent.

Received a command.

Sending result of runid:0
Sent.

Received a command.

Sending result of runid:0
Sent.

Received a command.

Sending result of runid:0
Sent.

Received a command.

Sending result of runid:0
Sent.

Received a command.

Sending result of runid:0
Sent.

Received a command.

Sending result of runid:0
Sent.

Received a command.

Sending result of runid:0
Sent.

Received a command.

Sending result of runid:0
Sent.

Received a command.

Sending result of runid:0
Sent.

Received a command.

Sending result of runid:0
Sent.

Received a command.

Sending result of runid:0
Sent.

Received a command.

Sending result of runid:0
Sent.

Received a command.

Sending result of runid:0
Sent.

Received a command.

Sending result of runid:0
Sent.

Received a command.

Sending result of runid:0
Sent.

Received a command.

Sending result of runid:0
Sent.

Received a command.

Sending result of runid:0
Sent.

Received a command.

Sending result of runid:0
Sent.

Received a command.

Sending result of runid:0
Sent.

Received a command.

Sending result of runid:0
Sent.

Received a command.

Sending result of runid:0
Sent.

Received a command.

Sending result of runid:0
Sent.

Received a command.

Sending result of runid:0
Sent.

Received a command.

Sending result of runid:0
Sent.

Received a command.

Sending result of runid:0
Sent.

Received a command.

Sending result of runid:0
Sent.

Received a command.

Sending result of runid:0
Sent.

Received a command.

Sending result of runid:0
Sent.

Received a command.

Sending result of runid:0
Sent.

Received a command.

Sending result of runid:0
Sent.

Received a command.

Sending result of runid:0
Sent.

Received a command.

Sending result of runid:0
Sent.

Received a command.

Sending result of runid:0
Sent.

Received a command.

Sending result of runid:0
Sent.

Received a command.

Sending result of runid:0
Sent.

Received a command.

Sending result of runid:0
Sent.

Received a command.

Sending result of runid:0
Sent.

Received a command.

Sending result of runid:0
Sent.

Received a command.

Sending result of runid:0
Sent.

Received a command.

Sending result of runid:0
Sent.

Received a command.

Sending result of runid:0
Sent.

Received a command.

Sending result of runid:0
Sent.

Received a command.

Sending result of runid:0
Sent.

Received a command.

Sending result of runid:0
Sent.

Received a command.

Sending result of runid:0
Sent.

Received a command.

Sending result of runid:0
Sent.

Received a command.

Sending result of runid:0
Sent.

Received a command.

Sending result of runid:0
Sent.

Received a command.

Sending result of runid:0
Sent.

Received a command.

Sending result of runid:0
Sent.

Received a command.

Sending result of runid:0
Sent.

Received a command.

Sending result of runid:0
Sent.

Received a command.

Sending result of runid:0
Sent.

Received a command.

Sending result of runid:0
Sent.

Received a command.

Sending result of runid:0
Sent.

Received a command.

Sending result of runid:0
Sent.

Received a command.

Sending result of runid:0
Sent.

Received a command.

Sending result of runid:0
Sent.

Received a command.

Sending result of runid:0
Sent.

Received a command.

Sending result of runid:0
Sent.

Received a command.

Sending result of runid:0
Sent.

Received a command.

Sending result of runid:0
Sent.

Received a command.

Sending result of runid:0
Sent.

Received a command.

Sending result of runid:0
Sent.

Received a command.

Sending result of runid:0
Sent.

Received a command.

Sending result of runid:0
Sent.

Received a command.

Sending result of runid:0
Sent.

Received a command.

Sending result of runid:0
Sent.

Received a command.

Sending result of runid:0
Sent.

Received a command.

Sending result of runid:0
Sent.

Received a command.

Sending result of runid:0
Sent.

Received a command.

Sending result of runid:0
Sent.

Received a command.

Sending result of runid:0
Sent.

Received a command.

Sending result of runid:0
Sent.

Received a command.

Sending result of runid:0
Sent.

Received a command.

Sending result of runid:0
Sent.

Received a command.

Sending result of runid:0
Sent.

Received a command.

Sending result of runid:0
Sent.

Received a command.

Sending result of runid:0
Sent.

Received a command.

Sending result of runid:0
Sent.

Received a command.

Sending result of runid:0
Sent.

Received a command.

Sending result of runid:0
Sent.

Received a command.

Sending result of runid:0
Sent.

Received a command.

Sending result of runid:0
Sent.

Received a command.

Sending result of runid:0
Sent.

Received a command.

Sending result of runid:0
Sent.

Received a command.

Sending result of runid:0
Sent.

Received a command.

Sending result of runid:0
Sent.

Received a command.

Sending result of runid:0
Sent.

Received a command.

Sending result of runid:0
Sent.

Received a command.

Sending result of runid:0
Sent.

Received a command.

Sending result of runid:0
Sent.

Received a command.

Sending result of runid:0
Sent.

Received a command.

Sending result of runid:0
Sent.

Received a command.

Sending result of runid:0
Sent.

Received a command.

Sending result of runid:0
Sent.

Received a command.

Sending result of runid:0
Sent.

Received a command.

Sending result of runid:0
Sent.

Received a command.

Sending result of runid:0
Sent.

Received a command.

Sending result of runid:0
Sent.

Received a command.

Sending result of runid:0
Sent.

Received a command.

Sending result of runid:0
Sent.

Received a command.

Sending result of runid:0
Sent.

Received a command.

Sending result of runid:0
Sent.

Received a command.

Sending result of runid:0
Sent.

Received a command.

Sending result of runid:0
Sent.

Received a command.

Sending result of runid:0
Sent.

Received a command.

Sending result of runid:0
Sent.

Received a command.

Sending result of runid:0
Sent.

Received a command.

Sending result of runid:0
Sent.

Received a command.

Sending result of runid:0
Sent.

Received a command.

Sending result of runid:0
Sent.

Received a command.

Sending result of runid:0
Sent.

Received a command.

Sending result of runid:0
Sent.

Received a command.

Sending result of runid:0
Sent.

Received a command.

Sending result of runid:0
Sent.

Received a command.

Sending result of runid:0
Sent.

Received a command.

Sending result of runid:0
Sent.

Received a command.

Sending result of runid:0
Sent.

Received a command.

Sending result of runid:0
Sent.

Received a command.

Sending result of runid:0
Sent.

Received a command.

Sending result of runid:0
Sent.

Received a command.

Sending result of runid:0
Sent.

Received a command.

Sending result of runid:0
Sent.

Received a command.

Sending result of runid:0
Sent.

Received a command.

Sending result of runid:0
Sent.

Received a command.

Sending result of runid:0
Sent.

Received a command.

Sending result of runid:0
Sent.

Received a command.

Sending result of runid:0
Sent.

Received a command.

Sending result of runid:0
Sent.

Received a command.

Sending result of runid:0
Sent.

Received a command.

Sending result of runid:0
Sent.

Received a command.

Sending result of runid:0
Sent.

Received a command.

Sending result of runid:0
Sent.

Received a command.

Connected!
Received a command.

Received a judge request, runid:1
Logined
Submitted
Sending result of runid:1
Sent.

Received a command.

Received a judge request, runid:1
Logined
Submitted
Sending result of runid:1
Sent.

ERROR in network connection!
Reconnecting...
Connected!
ERROR in network connection!
Reconnecting...
Connected!
ERROR in network connection!
Reconnecting...
Connected!
Received a command.

Received a judge request, runid:1
Logined
Submitted
Sending result of runid:1
Sent.

Connected!
ERROR in network connection!
Reconnecting...
Connected!
Received a command.

Received a judge request, runid:1
Logined
Submitted
Sending result of runid:1
Sent.

Connected!
Received a command.

Received a judge request, runid:1
Logined
Submitted
Sending result of runid:1
Sent.

Received a command.

Received a judge request, runid:1
Logined
Submitted
Connected!
Received a command.

Received a judge request, runid:1
Logined
Submitted
Sending result of runid:1
Sent.

ERROR in network connection!
Reconnecting...
Connected!
Received a command.

Received a judge request, runid:1
Logined
Submitted
Sending result of runid:1
Sent.

Received a command.

Received a judge request, runid:1
Logined
Submitted
Sending result of runid:1
Sent.

ERROR in network connection!
Reconnecting...
Connected!
Received a command.

Received a judge request, runid:1
Logined
Submitted
Sending result of runid:1
Sent.

Connected!
Received a command.

Received a judge request, runid:1
Logined
Submitted
Sending result of runid:1
Sent.

Connected!
Received a command.

Received a judge request, runid:1
Logined
Submitted
Sending result of runid:1
Sent.

Received a command.

Received a judge request, runid:1
Logined
Submitted
Sending result of runid:1
Sent.

Received a command.

Received a judge request, runid:1
Logined
Submitted
Sending result of runid:1
Sent.

Received a command.

Received a judge request, runid:1
Logined
Submitted
Sending result of runid:1
Sent.

Received a command.

Received a judge request, runid:1
Logined
Submitted
Sending result of runid:1
Sent.

Received a command.

Received a judge request, runid:1
Logined
Submitted
Sending result of runid:1
Sent.

Connected!
Received a command.

Received a judge request, runid:1
Logined
Submitted
Sending result of runid:1
Sent.

Received a command.

Received a judge request, runid:1
Logined
Submitted
Sending result of runid:1
Sent.

Received a command.

Received a judge request, runid:1
Logined
Submitted
Sending result of runid:1
Sent.

Received a command.

Received a judge request, runid:1
Logined
Submitted
Sending result of runid:1
Sent.

Connected!
ERROR in network connection!
Reconnecting...
Successfully reconnected.
Received a command.

Sending result of runid:0
Sent.

Connected!
Received a command.

Sending result of runid:0
Sent.

ERROR in network connection!
Reconnecting...
Connected!
Received a command.

Sending result of runid:0
Sent.

Connected!
ERROR in network connection!
Reconnecting...
Successfully reconnected.
Connected!
ERROR in network connection!
Reconnecting...
connect() error!
Connected!
Received a command.

Sending result of runid:0
Sent.

Received a command.

Sending result of runid:0
Sent.

Connected!
Received a command.

Sending result of runid:0
Sent.

Connected!
Received a command.

Sending result of runid:0
Sent.

Connected!
Received a command.

Received a judge request, runid:6
Logined
Submitted
Sending result of runid:6
Sent.

ERROR in network connection!
Reconnecting...
Connected!
ERROR in network connection!
Reconnecting...
Connected!
Received a command.

Received a judge request, runid:0
Logined
Submit error!
Sending result of runid:0
Sent.

Received a command.

Received a judge request, runid:0
Logined
Submit error!
Sending result of runid:0
Sent.

Received a command.

Received a judge request, runid:0
Logined
Submit error!
Sending result of runid:0
Sent.

Received a command.

Received a judge request, runid:2
Logined
Submitted
Sending result of runid:2
Sent.

Received a command.

Received a judge request, runid:3
Logined
Submitted
Sending result of runid:3
Sent.

Received a command.

Received a judge request, runid:4
Logined
Submitted
Sending result of runid:4
Sent.

connect() error!
Connected!
Received a command.

Received a judge request, runid:5
Logined
Submitted
Sending result of runid:5
Sent.

Received a command.

Received a judge request, runid:6
Logined
Submitted
Sending result of runid:6
Sent.

Received a command.

Received a judge request, runid:7
Logined
Submitted
Sending result of runid:7
Sent.

Connected!
Received a command.

Received a judge request, runid:8
Logined
Submit error!
Sending result of runid:8
Sent.

Received a command.

Received a judge request, runid:9
Logined
Submit error!
Sending result of runid:9
Sent.

Connected!
Received a command.

Received a judge request, runid:10
Logined
Submit error!
Sending result of runid:10
Sent.

Connected!
Received a command.

Received a judge request, Connected!
Received a command.

Received a judge request, runid:11
Logined
Submit error!
Sending result of runid:11
Sent.

Connected!
Received a command.

Received a judge request, runid:12
Logined
Submit error!
Sending result of runid:12
Sent.

Connected!
Received a command.

Received a judge request, runid:13
Logined
Submitted
Sending result of runid:13
Sent.

Connected!
Received a command.

Received a judge request, runid:8
Logined
Submitted
Sending result of runid:8
Sent.

Received a command.

Received a judge request, runid:9
Logined
Submitted
Sending result of runid:9
Sent.

Received a command.

Received a judge request, runid:10
Logined
Submitted
Sending result of runid:10
Sent.

Received a command.

Received a judge request, runid:11
Logined
Submitted
Sending result of runid:11
Sent.

Received a command.

Received a judge request, runid:12
Logined
Submitted
Sending result of runid:12
Sent.

Received a command.

Received a judge request, runid:13
Logined
Submitted
Sending result of runid:13
Sent.

Received a command.

Received a judge request, runid:14
Logined
Submitted
Sending result of runid:14
Sent.

