connect() error!
Connected!
Connected!
Received a command.

Sending result of runid:0
Sent.

Received a command.

Sending result of runid:0
Sent.

Received a command.

Sending result of runid:0
Sent.

Received a command.

Sending result of runid:0
Sent.

Received a command.

Sending result of runid:0
Sent.

Received a command.

Sending result of runid:0
Sent.

Received a command.

Sending result of runid:0
Sent.

Received a command.

Sending result of runid:0
Sent.

Received a command.

Sending result of runid:0
Sent.

Received a command.

Sending result of runid:0
Sent.

Received a command.

Sending result of runid:0
Sent.

Received a command.

Sending result of runid:0
Sent.

Received a command.

Sending result of runid:0
Sent.

Received a command.

Sending result of runid:0
Sent.

Received a command.

Sending result of runid:0
Sent.

Received a command.

Sending result of runid:0
Sent.

Received a command.

Sending result of runid:0
Sent.

Received a command.

Sending result of runid:0
Sent.

Received a command.

Sending result of runid:0
Sent.

Received a command.

Sending result of runid:0
Sent.

Received a command.

Sending result of runid:0
Sent.

Received a command.

Sending result of runid:0
Sent.

Received a command.

Sending result of runid:0
Sent.

Received a command.

Sending result of runid:0
Sent.

Received a command.

Sending result of runid:0
Sent.

Received a command.

Sending result of runid:0
Sent.

Received a command.

Sending result of runid:0
Sent.

Received a command.

Sending result of runid:0
Sent.

Received a command.

Sending result of runid:0
Sent.

Received a command.

Sending result of runid:0
Sent.

Received a command.

Sending result of runid:0
Sent.

Received a command.

Sending result of runid:0
Sent.

Received a command.

Sending result of runid:0
Sent.

Received a command.

Sending result of runid:0
Sent.

Received a command.

Sending result of runid:0
Sent.

Received a command.

Sending result of runid:0
Sent.

Received a command.

Sending result of runid:0
Sent.

Received a command.

Sending result of runid:0
Sent.

Received a command.

Sending result of runid:0
Sent.

Received a command.

Sending result of runid:0
Sent.

Received a command.

Sending result of runid:0
Sent.

Received a command.

Sending result of runid:0
Sent.

Received a command.

Sending result of runid:0
Sent.

Received a command.

Sending result of runid:0
Sent.

Received a command.

Sending result of runid:0
Sent.

Received a command.

Sending result of runid:0
Sent.

Received a command.

Sending result of runid:0
Sent.

Received a command.

Sending result of runid:0
Sent.

Received a command.

Sending result of runid:0
Sent.

Received a command.

Sending result of runid:0
Sent.

Received a command.

Sending result of runid:0
Sent.

Received a command.

Sending result of runid:0
Sent.

Received a command.

Sending result of runid:0
Sent.

Received a command.

Sending result of runid:0
Sent.

Received a command.

Sending result of runid:0
Sent.

Received a command.

Sending result of runid:0
Sent.

Received a command.

Sending result of runid:0
Sent.

Received a command.

Sending result of runid:0
Sent.

Received a command.

Sending result of runid:0
Sent.

Received a command.

Sending result of runid:0
Sent.

Received a command.

Sending result of runid:0
Sent.

Received a command.

Sending result of runid:0
Sent.

Received a command.

Sending result of runid:0
Sent.

Received a command.

Sending result of runid:0
Sent.

Received a command.

Sending result of runid:0
Sent.

Received a command.

Sending result of runid:0
Sent.

Received a command.

Sending result of runid:0
Sent.

Received a command.

Sending result of runid:0
Sent.

Received a command.

Sending result of runid:0
Sent.

Received a command.

Sending result of runid:0
Sent.

Received a command.

Sending result of runid:0
Sent.

Received a command.

Sending result of runid:0
Sent.

Received a command.

Sending result of runid:0
Sent.

Received a command.

Sending result of runid:0
Sent.

Received a command.

Sending result of runid:0
Sent.

Received a command.

Sending result of runid:0
Sent.

Received a command.

Sending result of runid:0
Sent.

Received a command.

Sending result of runid:0
Sent.

Received a command.

Sending result of runid:0
Sent.

Received a command.

Sending result of runid:0
Sent.

Received a command.

Sending result of runid:0
Sent.

Received a command.

Sending result of runid:0
Sent.

Received a command.

Sending result of runid:0
Sent.

Received a command.

Sending result of runid:0
Sent.

Received a command.

Sending result of runid:0
Sent.

Received a command.

Sending result of runid:0
Sent.

Received a command.

Sending result of runid:0
Sent.

Received a command.

Sending result of runid:0
Sent.

Received a command.

Sending result of runid:0
Sent.

Received a command.

Sending result of runid:0
Sent.

Received a command.

Sending result of runid:0
Sent.

Received a command.

Sending result of runid:0
Sent.

Received a command.

Sending result of runid:0
Sent.

Received a command.

Sending result of runid:0
Sent.

Received a command.

Sending result of runid:0
Sent.

Received a command.

Sending result of runid:0
Sent.

Received a command.

Sending result of runid:0
Sent.

Received a command.

Sending result of runid:0
Sent.

Received a command.

Sending result of runid:0
Sent.

Received a command.

Sending result of runid:0
Sent.

Received a command.

Sending result of runid:0
Sent.

Received a command.

Sending result of runid:0
Sent.

Received a command.

Sending result of runid:0
Sent.

Received a command.

Sending result of runid:0
Sent.

Received a command.

Sending result of runid:0
Sent.

Received a command.

Sending result of runid:0
Sent.

Received a command.

Sending result of runid:0
Sent.

Received a command.

Sending result of runid:0
Sent.

Received a command.

Sending result of runid:0
Sent.

Received a command.

Sending result of runid:0
Sent.

Received a command.

Sending result of runid:0
Sent.

Received a command.

Sending result of runid:0
Sent.

Received a command.

Sending result of runid:0
Sent.

Received a command.

Sending result of runid:0
Sent.

Received a command.

Sending result of runid:0
Sent.

Received a command.

Sending result of runid:0
Sent.

Received a command.

Sending result of runid:0
Sent.

Received a command.

Sending result of runid:0
Sent.

Received a command.

Sending result of runid:0
Sent.

Received a command.

Sending result of runid:0
Sent.

Received a command.

Sending result of runid:0
Sent.

Received a command.

Sending result of runid:0
Sent.

Received a command.

Sending result of runid:0
Sent.

Received a command.

Sending result of runid:0
Sent.

Received a command.

Sending result of runid:0
Sent.

Received a command.

Sending result of runid:0
Sent.

Received a command.

Sending result of runid:0
Sent.

Received a command.

Sending result of runid:0
Sent.

Received a command.

Sending result of runid:0
Sent.

Received a command.

Sending result of runid:0
Sent.

Received a command.

Sending result of runid:0
Sent.

Received a command.

Sending result of runid:0
Sent.

Received a command.

Sending result of runid:0
Sent.

Received a command.

Sending result of runid:0
Sent.

Received a command.

Sending result of runid:0
Sent.

Received a command.

Sending result of runid:0
Sent.

Received a command.

Sending result of runid:0
Sent.

Received a command.

Sending result of runid:0
Sent.

Received a command.

Sending result of runid:0
Sent.

Received a command.

Sending result of runid:0
Sent.

Received a command.

Sending result of runid:0
Sent.

Received a command.

Sending result of runid:0
Sent.

Received a command.

Sending result of runid:0
Sent.

Received a command.

Sending result of runid:0
Sent.

Received a command.

Sending result of runid:0
Sent.

Received a command.

Sending result of runid:0
Sent.

Received a command.

Sending result of runid:0
Sent.

Received a command.

Sending result of runid:0
Sent.

Received a command.

Sending result of runid:0
Sent.

Received a command.

Sending result of runid:0
Sent.

Received a command.

Sending result of runid:0
Sent.

Received a command.

Sending result of runid:0
Sent.

Received a command.

Sending result of runid:0
Sent.

Received a command.

Sending result of runid:0
Sent.

Received a command.

Sending result of runid:0
Sent.

Received a command.

Sending result of runid:0
Sent.

Received a command.

Sending result of runid:0
Sent.

Received a command.

Sending result of runid:0
Sent.

Received a command.

Sending result of runid:0
Sent.

Received a command.

Sending result of runid:0
Sent.

Received a command.

Sending result of runid:0
Sent.

Received a command.

Sending result of runid:0
Sent.

Received a command.

Sending result of runid:0
Sent.

Received a command.

Sending result of runid:0
Sent.

Received a command.

Sending result of runid:0
Sent.

Received a command.

Sending result of runid:0
Sent.

Received a command.

Sending result of runid:0
Sent.

Received a command.

Sending result of runid:0
Sent.

Received a command.

Sending result of runid:0
Sent.

Received a command.

Sending result of runid:0
Sent.

Received a command.

Sending result of runid:0
Sent.

Received a command.

Sending result of runid:0
Sent.

Received a command.

Sending result of runid:0
Sent.

Received a command.

Sending result of runid:0
Sent.

Received a command.

Sending result of runid:0
Sent.

Received a command.

Sending result of runid:0
Sent.

Received a command.

Sending result of runid:0
Sent.

Received a command.

Sending result of runid:0
Sent.

Received a command.

Sending result of runid:0
Sent.

Received a command.

Sending result of runid:0
Sent.

Received a command.

Sending result of runid:0
Sent.

Received a command.

Sending result of runid:0
Sent.

Received a command.

Sending result of runid:0
Sent.

Received a command.

Sending result of runid:0
Sent.

Received a command.

Sending result of runid:0
Sent.

Received a command.

Sending result of runid:0
Sent.

Received a command.

Sending result of runid:0
Sent.

Received a command.

Sending result of runid:0
Sent.

Received a command.

Sending result of runid:0
Sent.

Received a command.

Sending result of runid:0
Sent.

Received a command.

Sending result of runid:0
Sent.

Received a command.

Sending result of runid:0
Sent.

Received a command.

Sending result of runid:0
Sent.

Received a command.

Sending result of runid:0
Sent.

Received a command.

Sending result of runid:0
Sent.

Received a command.

Sending result of runid:0
Sent.

Received a command.

Sending result of runid:0
Sent.

Received a command.

Sending result of runid:0
Sent.

Received a command.

Sending result of runid:0
Sent.

Received a command.

Sending result of runid:0
Sent.

Received a command.

Sending result of runid:0
Sent.

Received a command.

Sending result of runid:0
Sent.

Received a command.

Sending result of runid:0
Sent.

Received a command.

Sending result of runid:0
Sent.

Received a command.

Sending result of runid:0
Sent.

Received a command.

Sending result of runid:0
Sent.

Received a command.

Sending result of runid:0
Sent.

Received a command.

Sending result of runid:0
Sent.

Received a command.

Sending result of runid:0
Sent.

Received a command.

Sending result of runid:0
Sent.

Received a command.

Sending result of runid:0
Sent.

Received a command.

Sending result of runid:0
Sent.

Received a command.

Sending result of runid:0
Sent.

Received a command.

Sending result of runid:0
Sent.

Received a command.

Sending result of runid:0
Sent.

Received a command.

Sending result of runid:0
Sent.

Received a command.

Sending result of runid:0
Sent.

Received a command.

Sending result of runid:0
Sent.

Received a command.

Sending result of runid:0
Sent.

Received a command.

Sending result of runid:0
Sent.

Received a command.

Sending result of runid:0
Sent.

Received a command.

Sending result of runid:0
Sent.

Received a command.

Sending result of runid:0
Sent.

Received a command.

Sending result of runid:0
Sent.

Received a command.

Sending result of runid:0
Sent.

Received a command.

Sending result of runid:0
Sent.

Received a command.

Sending result of runid:0
Sent.

Received a command.

Sending result of runid:0
Sent.

Received a command.

Sending result of runid:0
Sent.

Received a command.

Sending result of runid:0
Sent.

Received a command.

Sending result of runid:0
Sent.

Received a command.

Sending result of runid:0
Sent.

Received a command.

Sending result of runid:0
Sent.

Received a command.

Sending result of runid:0
Sent.

Received a command.

Sending result of runid:0
Sent.

Received a command.

Sending result of runid:0
Sent.

Received a command.

Sending result of runid:0
Sent.

Received a command.

Sending result of runid:0
Sent.

Received a command.

Sending result of runid:0
Sent.

Received a command.

Sending result of runid:0
Sent.

Received a command.

Sending result of runid:0
Sent.

Received a command.

Sending result of runid:0
Sent.

Received a command.

Sending result of runid:0
Sent.

Received a command.

Sending result of runid:0
Sent.

Received a command.

Sending result of runid:0
Sent.

Received a command.

Sending result of runid:0
Sent.

Received a command.

Sending result of runid:0
Sent.

Received a command.

Sending result of runid:0
Sent.

Received a command.

Sending result of runid:0
Sent.

Received a command.

Sending result of runid:0
Sent.

Received a command.

Sending result of runid:0
Sent.

Received a command.

Connected!
Received a command.

Received a judge request, runid:1
Logined
Submitted
Sending result of runid:1
Sent.

Received a command.

Received a judge request, runid:1
Logined
Submitted
Sending result of runid:1
Sent.

ERROR in network connection!
Reconnecting...
Connected!
ERROR in network connection!
Reconnecting...
Connected!
ERROR in network connection!
Reconnecting...
Connected!
Received a command.

Received a judge request, runid:1
Logined
Submitted
Sending result of runid:1
Sent.

Connected!
ERROR in network connection!
Reconnecting...
Connected!
Received a command.

Received a judge request, runid:1
Logined
Submitted
Sending result of runid:1
Sent.

Connected!
Received a command.

Received a judge request, runid:1
Logined
Submitted
Sending result of runid:1
Sent.

Received a command.

Received a judge request, runid:1
Logined
Submitted
Connected!
Received a command.

Received a judge request, runid:1
Logined
Submitted
Sending result of runid:1
Sent.

ERROR in network connection!
Reconnecting...
Connected!
Received a command.

Received a judge request, runid:1
Logined
Submitted
Sending result of runid:1
Sent.

Received a command.

Received a judge request, runid:1
Logined
Submitted
Sending result of runid:1
Sent.

ERROR in network connection!
Reconnecting...
Connected!
Received a command.

Received a judge request, runid:1
Logined
Submitted
Sending result of runid:1
Sent.

Connected!
Received a command.

Received a judge request, runid:1
Logined
Submitted
Sending result of runid:1
Sent.

Connected!
Received a command.

Received a judge request, runid:1
Logined
Submitted
Sending result of runid:1
Sent.

Received a command.

Received a judge request, runid:1
Logined
Submitted
Sending result of runid:1
Sent.

Received a command.

Received a judge request, runid:1
Logined
Submitted
Sending result of runid:1
Sent.

Received a command.

Received a judge request, runid:1
Logined
Submitted
Sending result of runid:1
Sent.

Received a command.

Received a judge request, runid:1
Logined
Submitted
Sending result of runid:1
Sent.

Received a command.

Received a judge request, runid:1
Logined
Submitted
Sending result of runid:1
Sent.

Connected!
Received a command.

Received a judge request, runid:1
Logined
Submitted
Sending result of runid:1
Sent.

Received a command.

Received a judge request, runid:1
Logined
Submitted
Sending result of runid:1
Sent.

Received a command.

Received a judge request, runid:1
Logined
Submitted
Sending result of runid:1
Sent.

Received a command.

Received a judge request, runid:1
Logined
Submitted
Sending result of runid:1
Sent.

Connected!
ERROR in network connection!
Reconnecting...
Successfully reconnected.
Received a command.

Sending result of runid:0
Sent.

Connected!
Received a command.

Sending result of runid:0
Sent.

ERROR in network connection!
Reconnecting...
Connected!
Received a command.

Sending result of runid:0
Sent.

Connected!
ERROR in network connection!
Reconnecting...
Successfully reconnected.
Connected!
ERROR in network connection!
Reconnecting...
connect() error!
Connected!
Received a command.

Sending result of runid:0
Sent.

Received a command.

Sending result of runid:0
Sent.

Connected!
Received a command.

Sending result of runid:0
Sent.

Connected!
Received a command.

Sending result of runid:0
Sent.

Connected!
Received a command.

Received a judge request, runid:6
Logined
Submitted
Sending result of runid:6
Sent.

ERROR in network connection!
Reconnecting...
Connected!
ERROR in network connection!
Reconnecting...
Connected!
Received a command.

Received a judge request, runid:0
Logined
Submit error!
Sending result of runid:0
Sent.

Received a command.

Received a judge request, runid:0
Logined
Submit error!
Sending result of runid:0
Sent.

Received a command.

Received a judge request, runid:0
Logined
Submit error!
Sending result of runid:0
Sent.

Received a command.

Received a judge request, runid:2
Logined
Submitted
Sending result of runid:2
Sent.

Received a command.

Received a judge request, runid:3
Logined
Submitted
Sending result of runid:3
Sent.

Received a command.

Received a judge request, runid:4
Logined
Submitted
Sending result of runid:4
Sent.

connect() error!
Connected!
Received a command.

Received a judge request, runid:5
Logined
Submitted
Sending result of runid:5
Sent.

Received a command.

Received a judge request, runid:6
Logined
Submitted
Sending result of runid:6
Sent.

Received a command.

Received a judge request, runid:7
Logined
Submitted
Sending result of runid:7
Sent.

Connected!
Received a command.

Received a judge request, runid:8
Logined
Submit error!
Sending result of runid:8
Sent.

Received a command.

Received a judge request, runid:9
Logined
Submit error!
Sending result of runid:9
Sent.

Connected!
Received a command.

Received a judge request, runid:10
Logined
Submit error!
Sending result of runid:10
Sent.

Connected!
Received a command.

Received a judge request, Connected!
Received a command.

Received a judge request, runid:11
Logined
Submit error!
Sending result of runid:11
Sent.

Connected!
Received a command.

Received a judge request, runid:12
Logined
Submit error!
Sending result of runid:12
Sent.

Connected!
Received a command.

Received a judge request, runid:13
Logined
Submitted
Sending result of runid:13
Sent.

Connected!
Received a command.

Received a judge request, runid:8
Logined
Submitted
Sending result of runid:8
Sent.

Received a command.

Received a judge request, runid:9
Logined
Submitted
Sending result of runid:9
Sent.

Received a command.

Received a judge request, runid:10
Logined
Submitted
Sending result of runid:10
Sent.

Received a command.

Received a judge request, runid:11
Logined
Submitted
Sending result of runid:11
Sent.

Received a command.

Received a judge request, runid:12
Logined
Submitted
Sending result of runid:12
Sent.

Received a command.

Received a judge request, runid:13
Logined
Submitted
Sending result of runid:13
Sent.

Received a command.

Received a judge request, runid:14
Logined
Submitted
Sending result of runid:14
Sent.

Connected!
Received a command.

Received a judge request, runid:15
Logined
Submitted
Sending result of runid:15
Sent.

Received a command.

Received a judge request, runid:16
Logined
Submitted
Sending result of runid:16
Sent.

Received a command.

Received a judge request, runid:17
Logined
Submitted
Sending result of runid:17
Sent.

ERROR in network connection!
Reconnecting...
Connected!
Received a command.

Received a judge request, runid:18
Sending result of runid:18
Sent.

Received a command.

Received a judge request, runid:18
Sending result of runid:18
Sent.

Received a command.

Received a judge request, runid:18
Logined
Submitted
Sending result of runid:18
Sent.

Connected!
Received a command.

Received a judge request, runid:19
Logined
Submitted
Sending result of runid:19
Sent.

Received a command.

Received a judge request, runid:20
Logined
Submitted
Sending result of runid:20
Sent.

Received a command.

Received a judge request, runid:21
Logined
Submitted
Sending result of runid:21
Sent.

Received a command.

Received a judge request, runid:22
Logined
Submitted
Sending result of runid:22
Sent.

Received a command.

Received a judge request, runid:23
Logined
Submitted
Sending result of runid:23
Sent.

Received a command.

Received a judge request, runid:24
Logined
Submitted
Sending result of runid:24
Sent.

Received a command.

Received a judge request, runid:25
Logined
Submitted
Sending result of runid:25
Sent.

Received a command.

Received a judge request, runid:26
Logined
Submitted
Sending result of runid:26
Sent.

Received a command.

Received a judge request, runid:27
Logined
Submitted
Sending result of runid:27
Sent.

Received a command.

Received a judge request, runid:28
Logined
Submitted
Sending result of runid:28
Sent.

Received a command.

Received a judge request, runid:29
Logined
Submitted
Sending result of runid:29
Sent.

Received a command.

Received a judge request, runid:30
Logined
Submitted
Sending result of runid:30
Sent.

Received a command.

Received a judge request, runid:31
Logined
Submitted
Sending result of runid:31
Sent.

Received a command.

Received a judge request, runid:32
Logined
Submitted
Sending result of runid:32
Sent.

ERROR in network connection!
Reconnecting...
Connected!
Connected!
Connected!
Received a command.

Received a judge request, runid:25
Logined
Submitted
Sending result of runid:25
Sent.

Received a command.

Received a judge request, runid:25
Logined
Submit error!
Sending result of runid:25
Sent.

Received a command.

Received a judge request, runid:1
Logined
Submitted
Sending result of runid:1
Sent.

Received a command.

Received a judge request, runid:2
Logined
Submitted
Sending result of runid:2
Sent.

Received a command.

Received a judge request, runid:2
Logined
Submitted
Sending result of runid:2
Sent.

Received a command.

Received a judge request, runid:3
Logined
Submitted
Sending result of runid:3
Sent.

Received a command.

Received a judge request, runid:4
Logined
Submitted
Sending result of runid:4
Sent.

Received a command.

Received a judge request, runid:5
Logined
Submitted
Sending result of runid:5
Sent.

Received a command.

Received a judge request, runid:6
Logined
Submitted
Sending result of runid:6
Sent.

Received a command.

Received a judge request, runid:7
Logined
Submitted
Sending result of runid:7
Sent.

Received a command.

Received a judge request, runid:8
Logined
Submitted
Sending result of runid:8
Sent.

Connected!
Received a command.

Received a judge request, runid:9
Logined
Submitted
Sending result of runid:9
Sent.

Received a command.

Received a judge request, runid:10
Logined
Submit error!
Sending result of runid:10
Sent.

Received a command.

Received a judge request, runid:11
Logined
Submitted
Sending result of runid:11
Sent.

Received a command.

Received a judge request, runid:12
Logined
Submit error!
Sending result of runid:12
Sent.

Received a command.

Received a judge request, runid:13
Logined
Submitted
Sending result of runid:13
Sent.

Received a command.

Received a judge request, runid:14
Logined
Submitted
Sending result of runid:14
Sent.

Received a command.

Received a judge request, runid:15
Logined
Submitted
Sending result of runid:15
Sent.

Received a command.

Received a judge request, runid:16
Logined
Submitted
Sending result of runid:16
Sent.

Connected!
Received a command.

Received a judge request, runid:17
Logined
Submitted
Sending result of runid:17
Sent.

Received a command.

Received a judge request, runid:1
Logined
Submitted
Sending result of runid:1
Sent.

Received a command.

Received a judge request, runid:2
Logined
Submitted
Sending result of runid:2
Sent.

Received a command.

Received a judge request, runid:3
Logined
Submitted
Sending result of runid:3
Sent.

Received a command.

Received a judge request, runid:4
Logined
Submitted
Sending result of runid:4
Sent.

Connected!
Received a command.

Received a judge request, runid:5
Logined
Submitted
Sending result of runid:5
Sent.

Received a command.

Received a judge request, runid:6
Logined
Submitted
Sending result of runid:6
Sent.

Received a command.

Received a judge request, runid:7
Logined
Submitted
Sending result of runid:7
Sent.

Received a command.

Received a judge request, runid:8
Logined
Submitted
Sending result of runid:8
Sent.

Received a command.

Received a judge request, runid:9
Logined
Submitted
Sending result of runid:9
Sent.

Received a command.

Received a judge request, runid:10
Logined
Submitted
Sending result of runid:10
Sent.

Received a command.

Received a judge request, runid:11
Logined
Submitted
Sending result of runid:11
Sent.

Received a command.

Received a judge request, runid:12
Logined
Submitted
Sending result of runid:12
Sent.

Received a command.

Received a judge request, runid:13
Logined
Submitted
Sending result of runid:13
Sent.

Received a command.

Received a judge request, runid:14
Logined
Submitted
Sending result of runid:14
Sent.

Received a command.

Received a judge request, runid:15
Logined
Submitted
Sending result of runid:15
Sent.

Received a command.

Received a judge request, runid:16
Logined
Submitted
Sending result of runid:16
Sent.

Received a command.

Received a judge request, runid:17
Logined
Submitted
Sending result of runid:17
Sent.

Connected!
Received a command.

Received a judge request, runid:18
Logined
Submitted
Sending result of runid:18
Sent.

Received a command.

Received a judge request, runid:19
Logined
Submitted
Sending result of runid:19
Sent.

Received a command.

Received a judge request, runid:20
Logined
Submitted
Sending result of runid:20
Sent.

Received a command.

Received a judge request, runid:21
Logined
Submitted
Sending result of runid:21
Sent.

Received a command.

Received a judge request, runid:22
Logined
Submitted
Sending result of runid:22
Sent.

Received a command.

Received a judge request, runid:23
Logined
Submitted
Sending result of runid:23
Sent.

Received a command.

Received a judge request, runid:24
Logined
Submitted
Sending result of runid:24
Sent.

Received a command.

Received a judge request, runid:25
Logined
Submitted
Sending result of runid:25
Sent.

Received a command.

Received a judge request, runid:26
Logined
Submitted
Sending result of runid:26
Sent.

Received a command.

Received a judge request, runid:27
Logined
Submitted
Sending result of runid:27
Sent.

Received a command.

Received a judge request, runid:28
Logined
Submitted
Sending result of runid:28
Sent.

Received a command.

Received a judge request, runid:29
Logined
Submitted
Sending result of runid:29
Sent.

ERROR in network connection!
Reconnecting...
Connected!
Connected!
ERROR in network connection!
Reconnecting...
Successfully reconnected.
Connected!
ERROR in network connection!
Reconnecting...
Connected!
Received a command.

Received a judge request, runid:38
Logined
Submitted
Sending result of runid:38
Sent.

Received a command.

Received a judge request, runid:39
Logined
Submitted
Sending result of runid:39
Sent.

Received a command.

Received a judge request, runid:40
Sending result of runid:40
Sent.

Received a command.

Received a judge request, runid:41
Logined
Submitted
Sending result of runid:41
Sent.

Received a command.

Received a judge request, runid:42
Logined
Submitted
Sending result of runid:42
Sent.

Received a command.

Received a judge request, runid:43
Logined
Submitted
Sending result of runid:43
Sent.

Received a command.

Received a judge request, runid:44
Logined
Submitted
Sending result of runid:44
Sent.

ERROR in network connection!
Reconnecting...
Connected!
Connected!
ERROR in network connection!
Reconnecting...
Connected!
Received a command.

Received a judge request, runid:45
Logined
Submitted
Sending result of runid:45
Sent.

Connected!
Received a command.

Received a judge request, runid:47
Logined
Submitted
Sending result of runid:47
Sent.

connect() error!
Connected!
Connected!
Connected!
Connected!
Received a command.

Received a judge request, runid:55
Logined
Submitted
Sending result of runid:55
Sent.

Connected!
Connected!
