Connected!
Received a command.

Received a judge request, runid:46
Logged in.
Submit error!
Sending result of runid:46
Sent.

Connected!
Received a command.

Received a judge request, runid:48
Login error!
Sending result of runid:48
Sent.

Received a command.

Received a judge request, runid:49
Logged in.
Submitted.
Sending result of runid:49
Sent.

Received a command.

Received a judge request, runid:50
Logged in.
Submitted.
Sending result of runid:50
Sent.

Received a command.

Received a judge request, runid:51
Logged in.
Submitted.
Sending result of runid:51
Sent.

Received a command.

Received a judge request, runid:52
Logged in.
Submitted.
Sending result of runid:52
Sent.

Received a command.

Received a judge request, runid:53
Logged in.
Submitted.
Sending result of runid:53
Sent.

Received a command.

Received a judge request, runid:54
Logged in.
Submitted.
Sending result of runid:54
Sent.

Connected!
Connected!
Connected!
Received a command.

Received a judge request, runid:56
Logged in.
Submitted.
Sending result of runid:56
Sent.

Connected!
Connected!
Received a command.

Received a judge request, runid:57
Logged in.
Submitted.
Sending result of runid:57
Sent.

Received a command.

Received a judge request, runid:58
Logged in.
Submitted.
Sending result of runid:58
Sent.

Received a command.

Received a judge request, runid:59
Logged in.
Submitted.
Sending result of runid:59
Sent.

Received a command.

Received a judge request, runid:60
Logged in.
Submitted.
Sending result of runid:60
Sent.

ERROR in network connection!
Reconnecting...
Connected!
Received a command.

Received a judge request, runid:61
Logged in.
Submitted.
Get Error!
Sending result of runid:61
Sent.

Received a command.

Received a judge request, runid:64
Logged in.
Submitted.
Sending result of runid:64
Sent.

Received a command.

Received a judge request, runid:65
Logged in.
Submitted.
Sending result of runid:65
Sent.

ERROR in network connection!
Reconnecting...
Connected!
Connected!
Connected!
Connected!
Connected!
Connected!
Received a command.

Received a judge request, runid:67
Logged in.
Submitted.
Sending result of runid:67
Sent.

Received a command.

Received a judge request, runid:68
Logged in.
Submitted.
Sending result of runid:68
Sent.

Received a command.

Received a judge request, runid:69
Logged in.
Submitted.
Sending result of runid:69
Sent.

Connected!
ERROR in network connection!
Reconnecting...
Successfully reconnected.
Received a command.

Received a judge request, runid:70
Logged in.
Submitted.
Sending result of runid:70
Sent.

Received a command.

Received a judge request, runid:71
Logged in.
Submitted.
Sending result of runid:71
Sent.

ERROR in network connection!
Reconnecting...
Connected!
Received a command.

Received a judge request, runid:72
Logged in.
Submitted.
Sending result of runid:72
Sent.

Connected!
Connected!
Connected!
Connected!
Connected!
Connected!
Connected!
Connected!
